<?xml version="1.0" encoding="UTF-8"?>
<testsuite xmlns:xsi="http://www.w3.org/2001/XMLSchema-instance" xsi:noNamespaceSchemaLocation="https://maven.apache.org/surefire/maven-surefire-plugin/xsd/surefire-test-report-3.0.xsd" version="3.0" name="TestSuite" time="203.606" tests="9" errors="0" skipped="0" failures="0">
  <properties>
[...]
</properties>
  <testcase name="Title" classname="com.mindtree.com.testcases.TC_008_ValidateTitle" time="27.716">
    <system-out><![CDATA[2021.11.22.11.49.11-----------
Test-Report2021.11.22.11.49.11.html
[INFO ] 2021-11-22 11:49:26.104 [main] ReadConfig - Driver is initialized
[INFO ] 2021-11-22 11:49:33.537 [main] ReadConfig - Navigated to URL
[INFO ] 2021-11-22 11:49:38.002 [main] ReadConfig - Birthday gifts is selected from dropdown
[INFO ] 2021-11-22 11:49:38.699 [main] ReadConfig - Title validation done
]]></system-out>
    <system-err><![CDATA[Starting ChromeDriver 96.0.4664.45 (76e4c1bb2ab4671b8beba3444e61c0f17584b2fc-refs/branch-heads/4664@{#947}) on port 35046
Only local connections are allowed.
Please see https://chromedriver.chromium.org/security-considerations for suggestions on keeping ChromeDriver safe.
ChromeDriver was started successfully.
Nov 22, 2021 11:49:25 AM org.openqa.selenium.remote.ProtocolHandshake createSession
INFO: Detected dialect: W3C
]]></system-err>
  </testcase>
  <testcase name="Search" classname="com.mindtree.com.testcases.TC_002_Search" time="18.147">
    <system-out><![CDATA[[INFO ] 2021-11-22 11:49:39.137 [main] ReadConfig - Driver is closed
2021.11.22.11.49.40-----------
Test-Report2021.11.22.11.49.40.html
[INFO ] 2021-11-22 11:49:43.904 [main] ReadConfig - Driver is initialized
[INFO ] 2021-11-22 11:49:49.802 [main] ReadConfig - Navigated to URL
[INFO ] 2021-11-22 11:49:54.041 [main] ReadConfig - Product name is entered
[INFO ] 2021-11-22 11:49:54.041 [main] ReadConfig - Navigated to Search Page
[INFO ] 2021-11-22 11:49:58.578 [main] ReadConfig - Navigated to Product Page
]]></system-out>
    <system-err><![CDATA[Starting ChromeDriver 96.0.4664.45 (76e4c1bb2ab4671b8beba3444e61c0f17584b2fc-refs/branch-heads/4664@{#947}) on port 41460
Only local connections are allowed.
Please see https://chromedriver.chromium.org/security-considerations for suggestions on keeping ChromeDriver safe.
ChromeDriver was started successfully.
Nov 22, 2021 11:49:43 AM org.openqa.selenium.remote.ProtocolHandshake createSession
INFO: Detected dialect: W3C
]]></system-err>
  </testcase>
  <testcase name="Increase" classname="com.mindtree.com.testcases.TC_006_WishList" time="18.515">
    <system-out><![CDATA[[INFO ] 2021-11-22 11:49:58.745 [main] ReadConfig - Driver is closed
2021.11.22.11.49.58-----------
Test-Report2021.11.22.11.49.58.html
[INFO ] 2021-11-22 11:50:03.041 [main] ReadConfig - driver is intialized
[INFO ] 2021-11-22 11:50:08.613 [main] ReadConfig - Navigated to URL
[INFO ] 2021-11-22 11:50:11.683 [main] ReadConfig - navigated to search page
[INFO ] 2021-11-22 11:50:16.824 [main] ReadConfig - navigated to product description page
[INFO ] 2021-11-22 11:50:17.434 [main] ReadConfig - Product is added to wishlist
]]></system-out>
    <system-err><![CDATA[Starting ChromeDriver 96.0.4664.45 (76e4c1bb2ab4671b8beba3444e61c0f17584b2fc-refs/branch-heads/4664@{#947}) on port 37717
Only local connections are allowed.
Please see https://chromedriver.chromium.org/security-considerations for suggestions on keeping ChromeDriver safe.
ChromeDriver was started successfully.
Nov 22, 2021 11:50:03 AM org.openqa.selenium.remote.ProtocolHandshake createSession
INFO: Detected dialect: W3C
]]></system-err>
  </testcase>
  <testcase name="Cart" classname="com.mindtree.com.testcases.TC_005_Cart" time="19.153">
    <system-out><![CDATA[[INFO ] 2021-11-22 11:50:17.675 [main] ReadConfig - Driver is closed
2021.11.22.11.50.17-----------
Test-Report2021.11.22.11.50.17.html
[INFO ] 2021-11-22 11:50:21.116 [main] ReadConfig - driver is intialized
[INFO ] 2021-11-22 11:50:27.114 [main] ReadConfig - Navigated to URL
[INFO ] 2021-11-22 11:50:30.222 [main] ReadConfig - navigated to search page
[INFO ] 2021-11-22 11:50:36.395 [main] ReadConfig - navigated to product description page
[INFO ] 2021-11-22 11:50:36.954 [main] ReadConfig - Product is added to cart
]]></system-out>
    <system-err><![CDATA[Starting ChromeDriver 96.0.4664.45 (76e4c1bb2ab4671b8beba3444e61c0f17584b2fc-refs/branch-heads/4664@{#947}) on port 6196
Only local connections are allowed.
Please see https://chromedriver.chromium.org/security-considerations for suggestions on keeping ChromeDriver safe.
ChromeDriver was started successfully.
Nov 22, 2021 11:50:21 AM org.openqa.selenium.remote.ProtocolHandshake createSession
INFO: Detected dialect: W3C
]]></system-err>
  </testcase>
  <testcase name="Dropdown" classname="com.mindtree.com.testcases.TC_004_GiftsDropDown" time="20.368">
    <system-out><![CDATA[[INFO ] 2021-11-22 11:50:37.880 [main] ReadConfig - Driver is closed
2021.11.22.11.50.38-----------
Test-Report2021.11.22.11.50.38.html
[INFO ] 2021-11-22 11:50:42.820 [main] ReadConfig - Driver is initialized
[INFO ] 2021-11-22 11:50:48.849 [main] ReadConfig - Navigated to URL
[INFO ] 2021-11-22 11:50:52.086 [main] ReadConfig - Navigated to Search Page by selecting from dropdown
[INFO ] 2021-11-22 11:50:55.304 [main] ReadConfig - Navigated to Birthday gifts page
[INFO ] 2021-11-22 11:50:58.649 [main] ReadConfig - Navigated to Kids gift page
]]></system-out>
    <system-err><![CDATA[Starting ChromeDriver 96.0.4664.45 (76e4c1bb2ab4671b8beba3444e61c0f17584b2fc-refs/branch-heads/4664@{#947}) on port 27608
Only local connections are allowed.
Please see https://chromedriver.chromium.org/security-considerations for suggestions on keeping ChromeDriver safe.
ChromeDriver was started successfully.
Nov 22, 2021 11:50:42 AM org.openqa.selenium.remote.ProtocolHandshake createSession
INFO: Detected dialect: W3C
]]></system-err>
  </testcase>
  <testcase name="Cart_Three_Items" classname="com.mindtree.com.testcases.TC_007_Adding3Items" time="21.08">
    <system-out><![CDATA[[INFO ] 2021-11-22 11:51:02.945 [main] ReadConfig - Driver is closed
2021.11.22.11.51.03-----------
Test-Report2021.11.22.11.51.03.html
[INFO ] 2021-11-22 11:51:06.146 [main] ReadConfig - Driver is initialized
[INFO ] 2021-11-22 11:51:12.637 [main] ReadConfig - Navigated to URL
[INFO ] 2021-11-22 11:51:15.603 [main] ReadConfig - Search page is opened
[INFO ] 2021-11-22 11:51:18.531 [main] ReadConfig - Product description page is opened
[INFO ] 2021-11-22 11:51:20.250 [main] ReadConfig - product is added to cart
[INFO ] 2021-11-22 11:51:22.193 [main] ReadConfig - Shopping can be continued
[INFO ] 2021-11-22 11:51:22.313 [main] ReadConfig - Another product can be selected
[INFO ] 2021-11-22 11:51:22.427 [main] ReadConfig - product is added to cart
[INFO ] 2021-11-22 11:51:23.744 [main] ReadConfig - Shopping can be continued
[INFO ] 2021-11-22 11:51:24.058 [main] ReadConfig - Another product can be selected
[INFO ] 2021-11-22 11:51:24.153 [main] ReadConfig - product is added to cart
]]></system-out>
    <system-err><![CDATA[Starting ChromeDriver 96.0.4664.45 (76e4c1bb2ab4671b8beba3444e61c0f17584b2fc-refs/branch-heads/4664@{#947}) on port 16897
Only local connections are allowed.
Please see https://chromedriver.chromium.org/security-considerations for suggestions on keeping ChromeDriver safe.
ChromeDriver was started successfully.
Nov 22, 2021 11:51:05 AM org.openqa.selenium.remote.ProtocolHandshake createSession
INFO: Detected dialect: W3C
]]></system-err>
  </testcase>
  <testcase name="Delivery" classname="com.mindtree.com.testcases.TC_003_EstimatedDelivery" time="18.477">
    <system-out><![CDATA[[INFO ] 2021-11-22 11:51:24.384 [main] ReadConfig - Driver is closed
2021.11.22.11.51.24-----------
Test-Report2021.11.22.11.51.24.html
[INFO ] 2021-11-22 11:51:27.503 [main] ReadConfig - Driver is initialized
[INFO ] 2021-11-22 11:51:34.475 [main] ReadConfig - Navigated to URL
[INFO ] 2021-11-22 11:51:38.081 [main] ReadConfig - Product name is entered
[INFO ] 2021-11-22 11:51:38.082 [main] ReadConfig - Navigated to Search Page
[INFO ] 2021-11-22 11:51:42.465 [main] ReadConfig - Navigated to Product Page
[INFO ] 2021-11-22 11:51:43.003 [main] ReadConfig - Estimated Delivery is displayed
]]></system-out>
    <system-err><![CDATA[Starting ChromeDriver 96.0.4664.45 (76e4c1bb2ab4671b8beba3444e61c0f17584b2fc-refs/branch-heads/4664@{#947}) on port 44429
Only local connections are allowed.
Please see https://chromedriver.chromium.org/security-considerations for suggestions on keeping ChromeDriver safe.
ChromeDriver was started successfully.
Nov 22, 2021 11:51:27 AM org.openqa.selenium.remote.ProtocolHandshake createSession
INFO: Detected dialect: W3C
]]></system-err>
  </testcase>
  <testcase name="Title" classname="com.mindtree.com.testcases.TC_009_IncreaseQuantity" time="17.938">
    <system-out><![CDATA[[INFO ] 2021-11-22 11:51:47.197 [main] ReadConfig - Driver is closed
2021.11.22.11.51.47-----------
Test-Report2021.11.22.11.51.47.html
[INFO ] 2021-11-22 11:51:49.507 [main] ReadConfig - Driver is initialized
[INFO ] 2021-11-22 11:51:56.058 [main] ReadConfig - Navigated to URL
[INFO ] 2021-11-22 11:52:01.131 [main] ReadConfig - minion lover is selected from dropdown
[INFO ] 2021-11-22 11:52:04.911 [main] ReadConfig - minion gifts page is opened
[INFO ] 2021-11-22 11:52:05.168 [main] ReadConfig - quantity is increased
[INFO ] 2021-11-22 11:52:05.372 [main] ReadConfig - product is added to cart
]]></system-out>
    <system-err><![CDATA[Starting ChromeDriver 96.0.4664.45 (76e4c1bb2ab4671b8beba3444e61c0f17584b2fc-refs/branch-heads/4664@{#947}) on port 33849
Only local connections are allowed.
Please see https://chromedriver.chromium.org/security-considerations for suggestions on keeping ChromeDriver safe.
ChromeDriver was started successfully.
Nov 22, 2021 11:51:49 AM org.openqa.selenium.remote.ProtocolHandshake createSession
INFO: Detected dialect: W3C
]]></system-err>
  </testcase>
  <testcase name="Cart" classname="com.mindtree.com.testcases.TC_010_GiftCard" time="21.202">
    <system-out><![CDATA[[INFO ] 2021-11-22 11:52:09.548 [main] ReadConfig - Driver is closed
2021.11.22.11.52.09-----------
Test-Report2021.11.22.11.52.09.html
[INFO ] 2021-11-22 11:52:12.354 [main] ReadConfig - Driver is initialized
[INFO ] 2021-11-22 11:52:18.747 [main] ReadConfig - Navigated to URL
[INFO ] 2021-11-22 11:52:21.813 [main] ReadConfig - navigated to search page
[INFO ] 2021-11-22 11:52:28.132 [main] ReadConfig - navigated to product description page
[INFO ] 2021-11-22 11:52:28.480 [main] ReadConfig - Product is added to cart
[INFO ] 2021-11-22 11:52:30.261 [main] ReadConfig - gift card option is selected
[INFO ] 2021-11-22 11:52:30.458 [main] ReadConfig - name of sender is entered
[INFO ] 2021-11-22 11:52:30.678 [main] ReadConfig - name of receiver is entered
[INFO ] 2021-11-22 11:52:30.852 [main] ReadConfig - message to be sent is entered
]]></system-out>
    <system-err><![CDATA[Starting ChromeDriver 96.0.4664.45 (76e4c1bb2ab4671b8beba3444e61c0f17584b2fc-refs/branch-heads/4664@{#947}) on port 11312
Only local connections are allowed.
Please see https://chromedriver.chromium.org/security-considerations for suggestions on keeping ChromeDriver safe.
ChromeDriver was started successfully.
Nov 22, 2021 11:52:12 AM org.openqa.selenium.remote.ProtocolHandshake createSession
INFO: Detected dialect: W3C
]]></system-err>
  </testcase>
</testsuite>